# JRE version: Java(TM) SE Runtime Environment (8.0_11-b12) (build 1.8.0_11-b12)
# Java VM: Java HotSpot(TM) Client VM (25.11-b03 mixed mode, sharing windows-x86 )
Heap:
 def new generation   total 4928K, used 2956K [0x04e00000, 0x05350000, 0x0a350000)
  eden space 4416K,  55% used [0x04e00000, 0x05063320, 0x05250000)
  from space 512K, 100% used [0x052d0000, 0x05350000, 0x05350000)
  to   space 512K,   0% used [0x05250000, 0x05250000, 0x052d0000)
 tenured generation   total 10944K, used 7383K [0x0a350000, 0x0ae00000, 0x14e00000)
   the space 10944K,  67% used [0x0a350000, 0x0aa85c50, 0x0aa85e00, 0x0ae00000)
 Metaspace       used 151K, capacity 2376K, committed 2496K, reserved 4480K
GC Heap History (6 events):
Event: 266.563 GC heap before
{Heap before GC invocations=0 (full 0):
 def new generation   total 4928K, used 1692K [0x04e00000, 0x05350000, 0x0a350000)
  eden space 4416K,  38% used [0x04e00000, 0x04fa70d0, 0x05250000)
  from space 512K,   0% used [0x05250000, 0x05250000, 0x052d0000)
  to   space 512K,   0% used [0x052d0000, 0x052d0000, 0x05350000)
 tenured generation   total 10944K, used 0K [0x0a350000, 0x0ae00000, 0x14e00000)
   the space 10944K,   0% used [0x0a350000, 0x0a350000, 0x0a350200, 0x0ae00000)
 Metaspace       used 148K, capacity 2376K, committed 2496K, reserved 4480K
Event: 266.566 GC heap after
Heap after GC invocations=1 (full 0):
 def new generation   total 4928K, used 512K [0x04e00000, 0x05350000, 0x0a350000)
  eden space 4416K,   0% used [0x04e00000, 0x04e00000, 0x05250000)
  from space 512K, 100% used [0x052d0000, 0x05350000, 0x05350000)
  to   space 512K,   0% used [0x05250000, 0x05250000, 0x052d0000)
 tenured generation   total 10944K, used 643K [0x0a350000, 0x0ae00000, 0x14e00000)
   the space 10944K,   5% used [0x0a350000, 0x0a3f0d18, 0x0a3f0e00, 0x0ae00000)
 Metaspace       used 148K, capacity 2376K, committed 2496K, reserved 4480K
}
Event: 266.570 GC heap before
{Heap before GC invocations=1 (full 0):
 def new generation   total 4928K, used 4784K [0x04e00000, 0x05350000, 0x0a350000)
  eden space 4416K,  96% used [0x04e00000, 0x0522c310, 0x05250000)
  from space 512K, 100% used [0x052d0000, 0x05350000, 0x05350000)
  to   space 512K,   0% used [0x05250000, 0x05250000, 0x052d0000)
 tenured generation   total 10944K, used 643K [0x0a350000, 0x0ae00000, 0x14e00000)
   the space 10944K,   5% used [0x0a350000, 0x0a3f0d18, 0x0a3f0e00, 0x0ae00000)
 Metaspace       used 148K, capacity 2376K, committed 2496K, reserved 4480K
Event: 266.578 GC heap after
Heap after GC invocations=2 (full 0):
 def new generation   total 4928K, used 64K [0x04e00000, 0x05350000, 0x0a350000)
  eden space 4416K,   0% used [0x04e00000, 0x04e00000, 0x05250000)
  from space 512K,  12% used [0x05250000, 0x052600c0, 0x052d0000)
  to   space 512K,   0% used [0x052d0000, 0x052d0000, 0x05350000)
 tenured generation   total 10944K, used 5251K [0x0a350000, 0x0ae00000, 0x14e00000)
   the space 10944K,  47% used [0x0a350000, 0x0a870d08, 0x0a870e00, 0x0ae00000)
 Metaspace       used 148K, capacity 2376K, committed 2496K, reserved 4480K
}
Event: 266.614 GC heap before
{Heap before GC invocations=2 (full 0):
 def new generation   total 4928K, used 4480K [0x04e00000, 0x05350000, 0x0a350000)
  eden space 4416K, 100% used [0x04e00000, 0x05250000, 0x05250000)
  from space 512K,  12% used [0x05250000, 0x052600c0, 0x052d0000)
  to   space 512K,   0% used [0x052d0000, 0x052d0000, 0x05350000)
 tenured generation   total 10944K, used 5251K [0x0a350000, 0x0ae00000, 0x14e00000)
   the space 10944K,  47% used [0x0a350000, 0x0a870d08, 0x0a870e00, 0x0ae00000)
 Metaspace       used 151K, capacity 2376K, committed 2496K, reserved 4480K
Event: 266.622 GC heap after
Heap after GC invocations=3 (full 0):
 def new generation   total 4928K, used 512K [0x04e00000, 0x05350000, 0x0a350000)
  eden space 4416K,   0% used [0x04e00000, 0x04e00000, 0x05250000)
  from space 512K, 100% used [0x052d0000, 0x05350000, 0x05350000)
  to   space 512K,   0% used [0x05250000, 0x05250000, 0x052d0000)
 tenured generation   total 10944K, used 7383K [0x0a350000, 0x0ae00000, 0x14e00000)
   the space 10944K,  67% used [0x0a350000, 0x0aa85c50, 0x0aa85e00, 0x0ae00000)
 Metaspace       used 151K, capacity 2376K, committed 2496K, reserved 4480K
}

