# JRE version: Java(TM) SE Runtime Environment (8.0_11-b12) (build 1.8.0_11-b12)
# Java VM: Java HotSpot(TM) Client VM (25.11-b03 mixed mode, sharing windows-x86 )
Heap:
 def new generation   total 4928K, used 3572K [0x04800000, 0x04d50000, 0x09d50000)
  eden space 4416K,  79% used [0x04800000, 0x04b6d1d0, 0x04c50000)
  from space 512K,  12% used [0x04c50000, 0x04c600c0, 0x04cd0000)
  to   space 512K,   0% used [0x04cd0000, 0x04cd0000, 0x04d50000)
 tenured generation   total 10944K, used 5251K [0x09d50000, 0x0a800000, 0x14800000)
   the space 10944K,  47% used [0x09d50000, 0x0a270d28, 0x0a270e00, 0x0a800000)
 Metaspace       used 151K, capacity 2376K, committed 2496K, reserved 4480K
GC Heap History (4 events):
Event: 9.191 GC heap before
{Heap before GC invocations=0 (full 0):
 def new generation   total 4928K, used 1697K [0x04800000, 0x04d50000, 0x09d50000)
  eden space 4416K,  38% used [0x04800000, 0x049a85e0, 0x04c50000)
  from space 512K,   0% used [0x04c50000, 0x04c50000, 0x04cd0000)
  to   space 512K,   0% used [0x04cd0000, 0x04cd0000, 0x04d50000)
 tenured generation   total 10944K, used 0K [0x09d50000, 0x0a800000, 0x14800000)
   the space 10944K,   0% used [0x09d50000, 0x09d50000, 0x09d50200, 0x0a800000)
 Metaspace       used 148K, capacity 2376K, committed 2496K, reserved 4480K
Event: 9.195 GC heap after
Heap after GC invocations=1 (full 0):
 def new generation   total 4928K, used 512K [0x04800000, 0x04d50000, 0x09d50000)
  eden space 4416K,   0% used [0x04800000, 0x04800000, 0x04c50000)
  from space 512K, 100% used [0x04cd0000, 0x04d50000, 0x04d50000)
  to   space 512K,   0% used [0x04c50000, 0x04c50000, 0x04cd0000)
 tenured generation   total 10944K, used 643K [0x09d50000, 0x0a800000, 0x14800000)
   the space 10944K,   5% used [0x09d50000, 0x09df0d38, 0x09df0e00, 0x0a800000)
 Metaspace       used 148K, capacity 2376K, committed 2496K, reserved 4480K
}
Event: 9.202 GC heap before
{Heap before GC invocations=1 (full 0):
 def new generation   total 4928K, used 4784K [0x04800000, 0x04d50000, 0x09d50000)
  eden space 4416K,  96% used [0x04800000, 0x04c2c310, 0x04c50000)
  from space 512K, 100% used [0x04cd0000, 0x04d50000, 0x04d50000)
  to   space 512K,   0% used [0x04c50000, 0x04c50000, 0x04cd0000)
 tenured generation   total 10944K, used 643K [0x09d50000, 0x0a800000, 0x14800000)
   the space 10944K,   5% used [0x09d50000, 0x09df0d38, 0x09df0e00, 0x0a800000)
 Metaspace       used 148K, capacity 2376K, committed 2496K, reserved 4480K
Event: 9.214 GC heap after
Heap after GC invocations=2 (full 0):
 def new generation   total 4928K, used 64K [0x04800000, 0x04d50000, 0x09d50000)
  eden space 4416K,   0% used [0x04800000, 0x04800000, 0x04c50000)
  from space 512K,  12% used [0x04c50000, 0x04c600c0, 0x04cd0000)
  to   space 512K,   0% used [0x04cd0000, 0x04cd0000, 0x04d50000)
 tenured generation   total 10944K, used 5251K [0x09d50000, 0x0a800000, 0x14800000)
   the space 10944K,  47% used [0x09d50000, 0x0a270d28, 0x0a270e00, 0x0a800000)
 Metaspace       used 148K, capacity 2376K, committed 2496K, reserved 4480K
}

