# JRE version: Java(TM) SE Runtime Environment (8.0_11-b12) (build 1.8.0_11-b12)
# Java VM: Java HotSpot(TM) Client VM (25.11-b03 mixed mode, sharing windows-x86 )
Heap:
 def new generation   total 4928K, used 3541K [0x04400000, 0x04950000, 0x09950000)
  eden space 4416K,  78% used [0x04400000, 0x04765620, 0x04850000)
  from space 512K,  12% used [0x04850000, 0x048600c0, 0x048d0000)
  to   space 512K,   0% used [0x048d0000, 0x048d0000, 0x04950000)
 tenured generation   total 10944K, used 5198K [0x09950000, 0x0a400000, 0x14400000)
   the space 10944K,  47% used [0x09950000, 0x09e63b18, 0x09e63c00, 0x0a400000)
 Metaspace       used 151K, capacity 2376K, committed 2496K, reserved 4480K
GC Heap History (4 events):
Event: 10.322 GC heap before
{Heap before GC invocations=0 (full 0):
 def new generation   total 4928K, used 1669K [0x04400000, 0x04950000, 0x09950000)
  eden space 4416K,  37% used [0x04400000, 0x045a1678, 0x04850000)
  from space 512K,   0% used [0x04850000, 0x04850000, 0x048d0000)
  to   space 512K,   0% used [0x048d0000, 0x048d0000, 0x04950000)
 tenured generation   total 10944K, used 0K [0x09950000, 0x0a400000, 0x14400000)
   the space 10944K,   0% used [0x09950000, 0x09950000, 0x09950200, 0x0a400000)
 Metaspace       used 148K, capacity 2376K, committed 2496K, reserved 4480K
Event: 10.325 GC heap after
Heap after GC invocations=1 (full 0):
 def new generation   total 4928K, used 512K [0x04400000, 0x04950000, 0x09950000)
  eden space 4416K,   0% used [0x04400000, 0x04400000, 0x04850000)
  from space 512K, 100% used [0x048d0000, 0x04950000, 0x04950000)
  to   space 512K,   0% used [0x04850000, 0x04850000, 0x048d0000)
 tenured generation   total 10944K, used 590K [0x09950000, 0x0a400000, 0x14400000)
   the space 10944K,   5% used [0x09950000, 0x099e3b48, 0x099e3c00, 0x0a400000)
 Metaspace       used 148K, capacity 2376K, committed 2496K, reserved 4480K
}
Event: 10.328 GC heap before
{Heap before GC invocations=1 (full 0):
 def new generation   total 4928K, used 4784K [0x04400000, 0x04950000, 0x09950000)
  eden space 4416K,  96% used [0x04400000, 0x0482c310, 0x04850000)
  from space 512K, 100% used [0x048d0000, 0x04950000, 0x04950000)
  to   space 512K,   0% used [0x04850000, 0x04850000, 0x048d0000)
 tenured generation   total 10944K, used 590K [0x09950000, 0x0a400000, 0x14400000)
   the space 10944K,   5% used [0x09950000, 0x099e3b48, 0x099e3c00, 0x0a400000)
 Metaspace       used 148K, capacity 2376K, committed 2496K, reserved 4480K
Event: 10.331 GC heap after
Heap after GC invocations=2 (full 0):
 def new generation   total 4928K, used 64K [0x04400000, 0x04950000, 0x09950000)
  eden space 4416K,   0% used [0x04400000, 0x04400000, 0x04850000)
  from space 512K,  12% used [0x04850000, 0x048600c0, 0x048d0000)
  to   space 512K,   0% used [0x048d0000, 0x048d0000, 0x04950000)
 tenured generation   total 10944K, used 5198K [0x09950000, 0x0a400000, 0x14400000)
   the space 10944K,  47% used [0x09950000, 0x09e63b18, 0x09e63c00, 0x0a400000)
 Metaspace       used 148K, capacity 2376K, committed 2496K, reserved 4480K
}

