# JRE version: Java(TM) SE Runtime Environment (8.0_11-b12) (build 1.8.0_11-b12)
# Java VM: Java HotSpot(TM) Client VM (25.11-b03 mixed mode, sharing windows-x86 )
Heap:
 def new generation   total 4928K, used 3631K [0x04200000, 0x04750000, 0x09750000)
  eden space 4416K,  80% used [0x04200000, 0x0457bb48, 0x04650000)
  from space 512K,  12% used [0x04650000, 0x046600c0, 0x046d0000)
  to   space 512K,   0% used [0x046d0000, 0x046d0000, 0x04750000)
 tenured generation   total 10944K, used 5251K [0x09750000, 0x0a200000, 0x14200000)
   the space 10944K,  47% used [0x09750000, 0x09c70d08, 0x09c70e00, 0x0a200000)
 Metaspace       used 169K, capacity 2376K, committed 2496K, reserved 4480K
GC Heap History (4 events):
Event: 12.093 GC heap before
{Heap before GC invocations=0 (full 0):
 def new generation   total 4928K, used 1697K [0x04200000, 0x04750000, 0x09750000)
  eden space 4416K,  38% used [0x04200000, 0x043a8740, 0x04650000)
  from space 512K,   0% used [0x04650000, 0x04650000, 0x046d0000)
  to   space 512K,   0% used [0x046d0000, 0x046d0000, 0x04750000)
 tenured generation   total 10944K, used 0K [0x09750000, 0x0a200000, 0x14200000)
   the space 10944K,   0% used [0x09750000, 0x09750000, 0x09750200, 0x0a200000)
 Metaspace       used 148K, capacity 2376K, committed 2496K, reserved 4480K
Event: 12.096 GC heap after
Heap after GC invocations=1 (full 0):
 def new generation   total 4928K, used 512K [0x04200000, 0x04750000, 0x09750000)
  eden space 4416K,   0% used [0x04200000, 0x04200000, 0x04650000)
  from space 512K, 100% used [0x046d0000, 0x04750000, 0x04750000)
  to   space 512K,   0% used [0x04650000, 0x04650000, 0x046d0000)
 tenured generation   total 10944K, used 643K [0x09750000, 0x0a200000, 0x14200000)
   the space 10944K,   5% used [0x09750000, 0x097f0d18, 0x097f0e00, 0x0a200000)
 Metaspace       used 148K, capacity 2376K, committed 2496K, reserved 4480K
}
Event: 12.101 GC heap before
{Heap before GC invocations=1 (full 0):
 def new generation   total 4928K, used 4784K [0x04200000, 0x04750000, 0x09750000)
  eden space 4416K,  96% used [0x04200000, 0x0462c310, 0x04650000)
  from space 512K, 100% used [0x046d0000, 0x04750000, 0x04750000)
  to   space 512K,   0% used [0x04650000, 0x04650000, 0x046d0000)
 tenured generation   total 10944K, used 643K [0x09750000, 0x0a200000, 0x14200000)
   the space 10944K,   5% used [0x09750000, 0x097f0d18, 0x097f0e00, 0x0a200000)
 Metaspace       used 148K, capacity 2376K, committed 2496K, reserved 4480K
Event: 12.107 GC heap after
Heap after GC invocations=2 (full 0):
 def new generation   total 4928K, used 64K [0x04200000, 0x04750000, 0x09750000)
  eden space 4416K,   0% used [0x04200000, 0x04200000, 0x04650000)
  from space 512K,  12% used [0x04650000, 0x046600c0, 0x046d0000)
  to   space 512K,   0% used [0x046d0000, 0x046d0000, 0x04750000)
 tenured generation   total 10944K, used 5251K [0x09750000, 0x0a200000, 0x14200000)
   the space 10944K,  47% used [0x09750000, 0x09c70d08, 0x09c70e00, 0x0a200000)
 Metaspace       used 148K, capacity 2376K, committed 2496K, reserved 4480K
}

